0 info it worked if it ends with ok
1 verbose cli [ '/usr/local/bin/node',
1 verbose cli   '/usr/local/bin/npm',
1 verbose cli   '--proxy=http://127.0.0.1:5000:5000',
1 verbose cli   'install',
1 verbose cli   'socket.io' ]
2 info using npm@1.1.66
3 info using node@v0.8.15
4 verbose read json /home/obaallen/Repo/project2-obaallen/package.json
5 verbose read json /home/obaallen/Repo/project2-obaallen/node_modules/base64-arraybuffer/package.json
6 verbose read json /home/obaallen/Repo/project2-obaallen/node_modules/better-assert/package.json
7 verbose read json /home/obaallen/Repo/project2-obaallen/node_modules/object-component/package.json
8 verbose read json /home/obaallen/Repo/project2-obaallen/node_modules/async-limiter/package.json
9 verbose read json /home/obaallen/Repo/project2-obaallen/node_modules/ws/package.json
10 verbose read json /home/obaallen/Repo/project2-obaallen/node_modules/to-array/package.json
11 verbose read json /home/obaallen/Repo/project2-obaallen/node_modules/has-binary2/package.json
12 verbose read json /home/obaallen/Repo/project2-obaallen/node_modules/xmlhttprequest-ssl/package.json
13 verbose read json /home/obaallen/Repo/project2-obaallen/node_modules/socket.io-client/package.json
14 verbose read json /home/obaallen/Repo/project2-obaallen/node_modules/component-inherit/package.json
15 verbose read json /home/obaallen/Repo/project2-obaallen/node_modules/isarray/package.json
16 verbose read json /home/obaallen/Repo/project2-obaallen/node_modules/arraybuffer.slice/package.json
17 verbose read json /home/obaallen/Repo/project2-obaallen/node_modules/has-cors/package.json
18 verbose read json /home/obaallen/Repo/project2-obaallen/node_modules/callsite/package.json
19 verbose read json /home/obaallen/Repo/project2-obaallen/node_modules/parseqs/package.json
20 verbose read json /home/obaallen/Repo/project2-obaallen/node_modules/engine.io-parser/package.json
21 verbose read json /home/obaallen/Repo/project2-obaallen/node_modules/after/package.json
22 verbose read json /home/obaallen/Repo/project2-obaallen/node_modules/parseuri/package.json
23 verbose read json /home/obaallen/Repo/project2-obaallen/node_modules/debug/package.json
24 verbose read json /home/obaallen/Repo/project2-obaallen/node_modules/component-bind/package.json
25 verbose read json /home/obaallen/Repo/project2-obaallen/node_modules/component-emitter/package.json
26 verbose read json /home/obaallen/Repo/project2-obaallen/node_modules/socket.io-parser/package.json
27 verbose read json /home/obaallen/Repo/project2-obaallen/node_modules/yeast/package.json
28 verbose read json /home/obaallen/Repo/project2-obaallen/node_modules/backo2/package.json
29 verbose read json /home/obaallen/Repo/project2-obaallen/node_modules/blob/package.json
30 verbose read json /home/obaallen/Repo/project2-obaallen/node_modules/indexof/package.json
31 verbose read json /home/obaallen/Repo/project2-obaallen/node_modules/engine.io-client/package.json
32 verbose read json /home/obaallen/Repo/project2-obaallen/node_modules/ms/package.json
33 verbose read json /home/obaallen/Repo/project2-obaallen/package.json
34 verbose cache add [ 'socket.io', null ]
35 silly cache add name=undefined spec="socket.io" args=["socket.io",null]
36 verbose parsed url { pathname: 'socket.io', path: 'socket.io', href: 'socket.io' }
37 silly lockFile 71475bfd-socket-io socket.io
38 verbose lock socket.io /home/obaallen/.npm/71475bfd-socket-io.lock
39 silly lockFile 71475bfd-socket-io socket.io
40 verbose addNamed [ 'socket.io', '' ]
41 verbose addNamed [ null, '' ]
42 silly lockFile c03de861-socket-io socket.io@
43 verbose lock socket.io@ /home/obaallen/.npm/c03de861-socket-io.lock
44 silly addNameRange { name: 'socket.io', range: '', hasData: false }
45 verbose url raw socket.io
46 verbose url resolving [ 'https://registry.npmjs.org/', './socket.io' ]
47 verbose url resolved https://registry.npmjs.org/socket.io
48 info trying registry request attempt 1 at 19:21:11
49 http GET https://registry.npmjs.org/socket.io
50 info retry will retry, error on last attempt: Error: tunneling socket could not be established, cause=connect ECONNREFUSED
51 info trying registry request attempt 2 at 19:21:21
52 http GET https://registry.npmjs.org/socket.io
53 info retry will retry, error on last attempt: Error: tunneling socket could not be established, cause=connect ECONNREFUSED
54 info trying registry request attempt 3 at 19:22:21
55 http GET https://registry.npmjs.org/socket.io
56 silly lockFile c03de861-socket-io socket.io@
57 error Error: tunneling socket could not be established, cause=connect ECONNREFUSED
57 error     at ClientRequest.onError (/usr/local/lib/node_modules/npm/node_modules/request/tunnel.js:161:17)
57 error     at ClientRequest.g (events.js:192:14)
57 error     at ClientRequest.EventEmitter.emit (events.js:96:17)
57 error     at Socket.socketErrorListener (http.js:1331:9)
57 error     at Socket.EventEmitter.emit (events.js:96:17)
57 error     at Socket._destroy.self.errorEmitted (net.js:328:14)
57 error     at process.startup.processNextTick.process._tickCallback (node.js:244:9)
58 error If you need help, you may report this log at:
58 error     <http://github.com/isaacs/npm/issues>
58 error or email it to:
58 error     <npm-@googlegroups.com>
59 error System Linux 4.15.0-46-generic
60 error command "/usr/local/bin/node" "/usr/local/bin/npm" "--proxy=http://127.0.0.1:5000:5000" "install" "socket.io"
61 error cwd /home/obaallen/Repo/project2-obaallen
62 error node -v v0.8.15
63 error npm -v 1.1.66
64 error code ECONNRESET
65 verbose exit [ 1, true ]
